<?xml version="1.0" encoding="UTF-8"?>
<testsuite name="exercises.refactoring.videostore.CustomerTest" tests="4" skipped="0" failures="0" errors="0" timestamp="2017-07-04T17:06:24" hostname="Taras-MacBook-Pro.local" time="0.007">
  <properties/>
  <testcase name="statementForRegularMovie" classname="exercises.refactoring.videostore.CustomerTest" time="0.005"/>
  <testcase name="statementForManyMovies" classname="exercises.refactoring.videostore.CustomerTest" time="0.0"/>
  <testcase name="statementForChildrensMovie" classname="exercises.refactoring.videostore.CustomerTest" time="0.0"/>
  <testcase name="statementForNewReleaseMovie" classname="exercises.refactoring.videostore.CustomerTest" time="0.0"/>
  <system-out><![CDATA[]]></system-out>
  <system-err><![CDATA[]]></system-err>
</testsuite>
